    OpenRGB v0.9
    Commit: b5f46e3f1de03595656c682fc2f068b66e735e63 from 2023-07-09 22:51:47 -0500
    Launched: 20240221_211049
====================================================================================================

1002  |Info:    ------------------------------------------------------
1002  |Info:    |               Start device detection               |
1002  |Info:    ------------------------------------------------------
1002  |Info:    Initializing HID interfaces: Success
1008  |Info:    ------------------------------------------------------
1008  |Info:    |             Detecting I2C interfaces               |
1008  |Info:    ------------------------------------------------------
1010  |Info:    Registering I2C interface: /dev/i2c-3 Device 10DE:13C2 Subsystem: 1462:3160
1010  |Info:    Registering I2C interface: /dev/i2c-1 Device 10DE:13C2 Subsystem: 1462:3160
1011  |Info:    Registering I2C interface: /dev/i2c-8 Device 1022:790B Subsystem: 1462:7B85
1011  |Info:    Registering I2C interface: /dev/i2c-6 Device 1022:790B Subsystem: 1462:7B85
1011  |Info:    Registering I2C interface: /dev/i2c-4 Device 10DE:13C2 Subsystem: 1462:3160
1011  |Info:    Registering I2C interface: /dev/i2c-2 Device 10DE:13C2 Subsystem: 1462:3160
1013  |Info:    Registering I2C interface: /dev/i2c-0 Device 10DE:13C2 Subsystem: 1462:3160
1013  |Info:    Registering I2C interface: /dev/i2c-7 Device 1022:790B Subsystem: 1462:7B85
1013  |Info:    Registering I2C interface: /dev/i2c-5 Device 10DE:13C2 Subsystem: 1462:3160
1013  |Info:    ------------------------------------------------------
1013  |Info:    |               Detecting I2C devices                |
1013  |Info:    ------------------------------------------------------
2031  |Info:    ------------------------------------------------------
2031  |Info:    |               Detecting I2C PCI devices            |
2031  |Info:    ------------------------------------------------------
2032  |Info:    ------------------------------------------------------
2032  |Info:    |               Detecting HID devices                |
2033  |Info:    ------------------------------------------------------
2449  |Info:    [G502 HERO SE] Registering RGB controller
2715  |Info:    [MSI B450 GAMING PRO CARBON AC (MS-7B85)] Registering RGB controller
2715  |Info:    ------------------------------------------------------
2715  |Info:    |            Detecting libusb HID devices            |
2715  |Info:    ------------------------------------------------------
2808  |Info:    ------------------------------------------------------
2808  |Info:    |              Detecting other devices               |
2808  |Info:    ------------------------------------------------------
2817  |Info:    ------------------------------------------------------
2817  |Info:    |                Detection completed                 |
2817  |Info:    ------------------------------------------------------
