    OpenRGB v0.9
    Commit: b5f46e3f1de03595656c682fc2f068b66e735e63 from 2023-07-09 22:51:47 -0500
    Launched: 20240221_205627
====================================================================================================

1006  |Info:    ------------------------------------------------------
1006  |Info:    |               Start device detection               |
1006  |Info:    ------------------------------------------------------
1006  |Info:    Initializing HID interfaces: Success
1010  |Info:    ------------------------------------------------------
1010  |Info:    |             Detecting I2C interfaces               |
1010  |Info:    ------------------------------------------------------
1010  |Info:    Registering I2C interface: /dev/i2c-3 Device 10DE:13C2 Subsystem: 1462:3160
1011  |Info:    Registering I2C interface: /dev/i2c-1 Device 10DE:13C2 Subsystem: 1462:3160
1011  |Info:    Registering I2C interface: /dev/i2c-8 Device 1022:790B Subsystem: 1462:7B85
1011  |Info:    Registering I2C interface: /dev/i2c-6 Device 1022:790B Subsystem: 1462:7B85
1011  |Info:    Registering I2C interface: /dev/i2c-4 Device 10DE:13C2 Subsystem: 1462:3160
1011  |Info:    Registering I2C interface: /dev/i2c-2 Device 10DE:13C2 Subsystem: 1462:3160
1011  |Info:    Registering I2C interface: /dev/i2c-0 Device 10DE:13C2 Subsystem: 1462:3160
1011  |Info:    Registering I2C interface: /dev/i2c-7 Device 1022:790B Subsystem: 1462:7B85
1011  |Info:    Registering I2C interface: /dev/i2c-5 Device 10DE:13C2 Subsystem: 1462:3160
1011  |Info:    ------------------------------------------------------
1011  |Info:    |               Detecting I2C devices                |
1011  |Info:    ------------------------------------------------------
2031  |Info:    ------------------------------------------------------
2031  |Info:    |               Detecting I2C PCI devices            |
2031  |Info:    ------------------------------------------------------
2031  |Info:    ------------------------------------------------------
2031  |Info:    |               Detecting HID devices                |
2031  |Info:    ------------------------------------------------------
2447  |Info:    [G502 HERO SE] Registering RGB controller
2733  |Info:    [MSI B450 GAMING PRO CARBON AC (MS-7B85)] Registering RGB controller
2733  |Info:    ------------------------------------------------------
2733  |Info:    |            Detecting libusb HID devices            |
2733  |Info:    ------------------------------------------------------
2822  |Info:    ------------------------------------------------------
2822  |Info:    |              Detecting other devices               |
2822  |Info:    ------------------------------------------------------
2832  |Info:    ------------------------------------------------------
2832  |Info:    |                Detection completed                 |
2832  |Info:    ------------------------------------------------------
