    OpenRGB v0.9
    Commit: b5f46e3f1de03595656c682fc2f068b66e735e63 from 2023-07-09 22:51:47 -0500
    Launched: 20240221_235425
====================================================================================================

1002  |Info:    ------------------------------------------------------
1002  |Info:    |               Start device detection               |
1002  |Info:    ------------------------------------------------------
1002  |Info:    Initializing HID interfaces: Success
1008  |Info:    ------------------------------------------------------
1008  |Info:    |             Detecting I2C interfaces               |
1008  |Info:    ------------------------------------------------------
1010  |Info:    Registering I2C interface: /dev/i2c-3 Device 10DE:13C2 Subsystem: 1462:3160
1010  |Info:    Registering I2C interface: /dev/i2c-1 Device 10DE:13C2 Subsystem: 1462:3160
1010  |Info:    Registering I2C interface: /dev/i2c-8 Device 1022:790B Subsystem: 1462:7B85
1010  |Info:    Registering I2C interface: /dev/i2c-6 Device 1022:790B Subsystem: 1462:7B85
1011  |Info:    Registering I2C interface: /dev/i2c-4 Device 10DE:13C2 Subsystem: 1462:3160
1011  |Info:    Registering I2C interface: /dev/i2c-2 Device 10DE:13C2 Subsystem: 1462:3160
1011  |Info:    Registering I2C interface: /dev/i2c-0 Device 10DE:13C2 Subsystem: 1462:3160
1012  |Info:    Registering I2C interface: /dev/i2c-7 Device 1022:790B Subsystem: 1462:7B85
1013  |Info:    Registering I2C interface: /dev/i2c-5 Device 10DE:13C2 Subsystem: 1462:3160
1013  |Info:    ------------------------------------------------------
1013  |Info:    |               Detecting I2C devices                |
1013  |Info:    ------------------------------------------------------
2033  |Info:    ------------------------------------------------------
2033  |Info:    |               Detecting I2C PCI devices            |
2033  |Info:    ------------------------------------------------------
2034  |Info:    ------------------------------------------------------
2034  |Info:    |               Detecting HID devices                |
2034  |Info:    ------------------------------------------------------
2451  |Info:    [G502 HERO SE] Registering RGB controller
2742  |Info:    [MSI B450 GAMING PRO CARBON AC (MS-7B85)] Registering RGB controller
2742  |Info:    ------------------------------------------------------
2742  |Info:    |            Detecting libusb HID devices            |
2742  |Info:    ------------------------------------------------------
2832  |Info:    ------------------------------------------------------
2832  |Info:    |              Detecting other devices               |
2832  |Info:    ------------------------------------------------------
2840  |Info:    ------------------------------------------------------
2840  |Info:    |                Detection completed                 |
2840  |Info:    ------------------------------------------------------
7370  |Info:    ------------------------------------------------------
7370  |Info:    |               Start device detection               |
7370  |Info:    ------------------------------------------------------
7371  |Info:    Initializing HID interfaces: Success
7375  |Info:    ------------------------------------------------------
7375  |Info:    |             Detecting I2C interfaces               |
7375  |Info:    ------------------------------------------------------
7375  |Info:    Registering I2C interface: /dev/i2c-3 Device 10DE:13C2 Subsystem: 1462:3160
7375  |Info:    Registering I2C interface: /dev/i2c-1 Device 10DE:13C2 Subsystem: 1462:3160
7376  |Info:    Registering I2C interface: /dev/i2c-8 Device 1022:790B Subsystem: 1462:7B85
7376  |Info:    Registering I2C interface: /dev/i2c-6 Device 1022:790B Subsystem: 1462:7B85
7376  |Info:    Registering I2C interface: /dev/i2c-4 Device 10DE:13C2 Subsystem: 1462:3160
7376  |Info:    Registering I2C interface: /dev/i2c-2 Device 10DE:13C2 Subsystem: 1462:3160
7376  |Info:    Registering I2C interface: /dev/i2c-0 Device 10DE:13C2 Subsystem: 1462:3160
7376  |Info:    Registering I2C interface: /dev/i2c-7 Device 1022:790B Subsystem: 1462:7B85
7376  |Info:    Registering I2C interface: /dev/i2c-5 Device 10DE:13C2 Subsystem: 1462:3160
7376  |Info:    ------------------------------------------------------
7376  |Info:    |               Detecting I2C devices                |
7376  |Info:    ------------------------------------------------------
8395  |Info:    ------------------------------------------------------
8395  |Info:    |               Detecting I2C PCI devices            |
8395  |Info:    ------------------------------------------------------
8396  |Info:    ------------------------------------------------------
8396  |Info:    |               Detecting HID devices                |
8396  |Info:    ------------------------------------------------------
8813  |Info:    [G502 HERO SE] Registering RGB controller
9078  |Info:    [MSI B450 GAMING PRO CARBON AC (MS-7B85)] Registering RGB controller
9078  |Info:    ------------------------------------------------------
9078  |Info:    |            Detecting libusb HID devices            |
9078  |Info:    ------------------------------------------------------
9154  |Info:    ------------------------------------------------------
9154  |Info:    |              Detecting other devices               |
9154  |Info:    ------------------------------------------------------
9156  |Info:    ------------------------------------------------------
9156  |Info:    |                Detection completed                 |
9156  |Info:    ------------------------------------------------------
17121 |Info:    ------------------------------------------------------
17121 |Info:    |               Start device detection               |
17121 |Info:    ------------------------------------------------------
17121 |Info:    Initializing HID interfaces: Success
17125 |Info:    ------------------------------------------------------
17125 |Info:    |             Detecting I2C interfaces               |
17125 |Info:    ------------------------------------------------------
17125 |Info:    Registering I2C interface: /dev/i2c-3 Device 10DE:13C2 Subsystem: 1462:3160
17125 |Info:    Registering I2C interface: /dev/i2c-1 Device 10DE:13C2 Subsystem: 1462:3160
17126 |Info:    Registering I2C interface: /dev/i2c-8 Device 1022:790B Subsystem: 1462:7B85
17126 |Info:    Registering I2C interface: /dev/i2c-6 Device 1022:790B Subsystem: 1462:7B85
17126 |Info:    Registering I2C interface: /dev/i2c-4 Device 10DE:13C2 Subsystem: 1462:3160
17126 |Info:    Registering I2C interface: /dev/i2c-2 Device 10DE:13C2 Subsystem: 1462:3160
17126 |Info:    Registering I2C interface: /dev/i2c-0 Device 10DE:13C2 Subsystem: 1462:3160
17126 |Info:    Registering I2C interface: /dev/i2c-7 Device 1022:790B Subsystem: 1462:7B85
17126 |Info:    Registering I2C interface: /dev/i2c-5 Device 10DE:13C2 Subsystem: 1462:3160
17126 |Info:    ------------------------------------------------------
17126 |Info:    |               Detecting I2C devices                |
17126 |Info:    ------------------------------------------------------
18145 |Info:    ------------------------------------------------------
18145 |Info:    |               Detecting I2C PCI devices            |
18145 |Info:    ------------------------------------------------------
18147 |Info:    ------------------------------------------------------
18147 |Info:    |               Detecting HID devices                |
18147 |Info:    ------------------------------------------------------
18563 |Info:    [G502 HERO SE] Registering RGB controller
18870 |Info:    [MSI B450 GAMING PRO CARBON AC (MS-7B85)] Registering RGB controller
18870 |Info:    ------------------------------------------------------
18870 |Info:    |            Detecting libusb HID devices            |
18870 |Info:    ------------------------------------------------------
18947 |Info:    ------------------------------------------------------
18947 |Info:    |              Detecting other devices               |
18947 |Info:    ------------------------------------------------------
18948 |Info:    ------------------------------------------------------
18948 |Info:    |                Detection completed                 |
18948 |Info:    ------------------------------------------------------
