    OpenRGB v0.9
    Commit: b5f46e3f1de03595656c682fc2f068b66e735e63 from 2023-07-09 22:51:47 -0500
    Launched: 20240221_210717
====================================================================================================

1002  |Info:    ------------------------------------------------------
1002  |Info:    |               Start device detection               |
1002  |Info:    ------------------------------------------------------
1002  |Info:    Initializing HID interfaces: Success
1008  |Info:    ------------------------------------------------------
1008  |Info:    |             Detecting I2C interfaces               |
1008  |Info:    ------------------------------------------------------
1010  |Info:    Registering I2C interface: /dev/i2c-3 Device 10DE:13C2 Subsystem: 1462:3160
1010  |Info:    Registering I2C interface: /dev/i2c-1 Device 10DE:13C2 Subsystem: 1462:3160
1010  |Info:    Registering I2C interface: /dev/i2c-8 Device 1022:790B Subsystem: 1462:7B85
1010  |Info:    Registering I2C interface: /dev/i2c-6 Device 1022:790B Subsystem: 1462:7B85
1011  |Info:    Registering I2C interface: /dev/i2c-4 Device 10DE:13C2 Subsystem: 1462:3160
1013  |Info:    Registering I2C interface: /dev/i2c-2 Device 10DE:13C2 Subsystem: 1462:3160
1013  |Info:    Registering I2C interface: /dev/i2c-0 Device 10DE:13C2 Subsystem: 1462:3160
1013  |Info:    Registering I2C interface: /dev/i2c-7 Device 1022:790B Subsystem: 1462:7B85
1013  |Info:    Registering I2C interface: /dev/i2c-5 Device 10DE:13C2 Subsystem: 1462:3160
1013  |Info:    ------------------------------------------------------
1013  |Info:    |               Detecting I2C devices                |
1013  |Info:    ------------------------------------------------------
2033  |Info:    ------------------------------------------------------
2033  |Info:    |               Detecting I2C PCI devices            |
2033  |Info:    ------------------------------------------------------
2035  |Info:    ------------------------------------------------------
2035  |Info:    |               Detecting HID devices                |
2035  |Info:    ------------------------------------------------------
2451  |Info:    [G502 HERO SE] Registering RGB controller
2729  |Info:    [MSI B450 GAMING PRO CARBON AC (MS-7B85)] Registering RGB controller
2729  |Info:    ------------------------------------------------------
2729  |Info:    |            Detecting libusb HID devices            |
2729  |Info:    ------------------------------------------------------
2880  |Info:    ------------------------------------------------------
2880  |Info:    |              Detecting other devices               |
2880  |Info:    ------------------------------------------------------
2890  |Info:    ------------------------------------------------------
2890  |Info:    |                Detection completed                 |
2890  |Info:    ------------------------------------------------------
5855  |Info:    ------------------------------------------------------
5855  |Info:    |               Start device detection               |
5855  |Info:    ------------------------------------------------------
5856  |Info:    Initializing HID interfaces: Success
5860  |Info:    ------------------------------------------------------
5860  |Info:    |             Detecting I2C interfaces               |
5860  |Info:    ------------------------------------------------------
5860  |Info:    Registering I2C interface: /dev/i2c-3 Device 10DE:13C2 Subsystem: 1462:3160
5860  |Info:    Registering I2C interface: /dev/i2c-1 Device 10DE:13C2 Subsystem: 1462:3160
5860  |Info:    Registering I2C interface: /dev/i2c-8 Device 1022:790B Subsystem: 1462:7B85
5860  |Info:    Registering I2C interface: /dev/i2c-6 Device 1022:790B Subsystem: 1462:7B85
5860  |Info:    Registering I2C interface: /dev/i2c-4 Device 10DE:13C2 Subsystem: 1462:3160
5860  |Info:    Registering I2C interface: /dev/i2c-2 Device 10DE:13C2 Subsystem: 1462:3160
5861  |Info:    Registering I2C interface: /dev/i2c-0 Device 10DE:13C2 Subsystem: 1462:3160
5861  |Info:    Registering I2C interface: /dev/i2c-7 Device 1022:790B Subsystem: 1462:7B85
5861  |Info:    Registering I2C interface: /dev/i2c-5 Device 10DE:13C2 Subsystem: 1462:3160
5861  |Info:    ------------------------------------------------------
5861  |Info:    |               Detecting I2C devices                |
5861  |Info:    ------------------------------------------------------
6878  |Info:    ------------------------------------------------------
6878  |Info:    |               Detecting I2C PCI devices            |
6878  |Info:    ------------------------------------------------------
6879  |Info:    ------------------------------------------------------
6879  |Info:    |               Detecting HID devices                |
6879  |Info:    ------------------------------------------------------
7296  |Info:    [G502 HERO SE] Registering RGB controller
7593  |Info:    [MSI B450 GAMING PRO CARBON AC (MS-7B85)] Registering RGB controller
7593  |Info:    ------------------------------------------------------
7593  |Info:    |            Detecting libusb HID devices            |
7593  |Info:    ------------------------------------------------------
7730  |Info:    ------------------------------------------------------
7730  |Info:    |              Detecting other devices               |
7730  |Info:    ------------------------------------------------------
7731  |Info:    ------------------------------------------------------
7731  |Info:    |                Detection completed                 |
7731  |Info:    ------------------------------------------------------
10706 |Info:    ------------------------------------------------------
10706 |Info:    |               Start device detection               |
10706 |Info:    ------------------------------------------------------
10706 |Info:    Initializing HID interfaces: Success
10711 |Info:    ------------------------------------------------------
10711 |Info:    |             Detecting I2C interfaces               |
10711 |Info:    ------------------------------------------------------
10711 |Info:    Registering I2C interface: /dev/i2c-3 Device 10DE:13C2 Subsystem: 1462:3160
10711 |Info:    Registering I2C interface: /dev/i2c-1 Device 10DE:13C2 Subsystem: 1462:3160
10711 |Info:    Registering I2C interface: /dev/i2c-8 Device 1022:790B Subsystem: 1462:7B85
10711 |Info:    Registering I2C interface: /dev/i2c-6 Device 1022:790B Subsystem: 1462:7B85
10711 |Info:    Registering I2C interface: /dev/i2c-4 Device 10DE:13C2 Subsystem: 1462:3160
10711 |Info:    Registering I2C interface: /dev/i2c-2 Device 10DE:13C2 Subsystem: 1462:3160
10711 |Info:    Registering I2C interface: /dev/i2c-0 Device 10DE:13C2 Subsystem: 1462:3160
10711 |Info:    Registering I2C interface: /dev/i2c-7 Device 1022:790B Subsystem: 1462:7B85
10712 |Info:    Registering I2C interface: /dev/i2c-5 Device 10DE:13C2 Subsystem: 1462:3160
10712 |Info:    ------------------------------------------------------
10712 |Info:    |               Detecting I2C devices                |
10712 |Info:    ------------------------------------------------------
11729 |Info:    ------------------------------------------------------
11729 |Info:    |               Detecting I2C PCI devices            |
11729 |Info:    ------------------------------------------------------
11730 |Info:    ------------------------------------------------------
11730 |Info:    |               Detecting HID devices                |
11730 |Info:    ------------------------------------------------------
12146 |Info:    [G502 HERO SE] Registering RGB controller
12457 |Info:    [MSI B450 GAMING PRO CARBON AC (MS-7B85)] Registering RGB controller
12457 |Info:    ------------------------------------------------------
12457 |Info:    |            Detecting libusb HID devices            |
12457 |Info:    ------------------------------------------------------
12594 |Info:    ------------------------------------------------------
12594 |Info:    |              Detecting other devices               |
12594 |Info:    ------------------------------------------------------
12595 |Info:    ------------------------------------------------------
12595 |Info:    |                Detection completed                 |
12595 |Info:    ------------------------------------------------------
