    OpenRGB v0.9
    Commit: b5f46e3f1de03595656c682fc2f068b66e735e63 from 2023-07-09 22:51:47 -0500
    Launched: 20240323_221606
====================================================================================================

1019  |Info:    ------------------------------------------------------
1019  |Info:    |               Start device detection               |
1019  |Info:    ------------------------------------------------------
1020  |Info:    Initializing HID interfaces: Success
1024  |Info:    ------------------------------------------------------
1024  |Info:    |             Detecting I2C interfaces               |
1024  |Info:    ------------------------------------------------------
1027  |Info:    Registering I2C interface: /dev/i2c-3 Device 10DE:13C2 Subsystem: 1462:3160
1028  |Info:    Registering I2C interface: /dev/i2c-1 Device 10DE:13C2 Subsystem: 1462:3160
1028  |Info:    Registering I2C interface: /dev/i2c-8 Device 1022:790B Subsystem: 1462:7B85
1028  |Info:    Registering I2C interface: /dev/i2c-6 Device 1022:790B Subsystem: 1462:7B85
1028  |Info:    Registering I2C interface: /dev/i2c-4 Device 10DE:13C2 Subsystem: 1462:3160
1028  |Info:    Registering I2C interface: /dev/i2c-2 Device 10DE:13C2 Subsystem: 1462:3160
1030  |Info:    Registering I2C interface: /dev/i2c-0 Device 10DE:13C2 Subsystem: 1462:3160
1030  |Info:    Registering I2C interface: /dev/i2c-7 Device 1022:790B Subsystem: 1462:7B85
1030  |Info:    Registering I2C interface: /dev/i2c-5 Device 10DE:13C2 Subsystem: 1462:3160
1030  |Info:    ------------------------------------------------------
1030  |Info:    |               Detecting I2C devices                |
1030  |Info:    ------------------------------------------------------
2051  |Info:    ------------------------------------------------------
2051  |Info:    |               Detecting I2C PCI devices            |
2051  |Info:    ------------------------------------------------------
2052  |Info:    ------------------------------------------------------
2052  |Info:    |               Detecting HID devices                |
2052  |Info:    ------------------------------------------------------
2469  |Info:    [G502 HERO SE] Registering RGB controller
2738  |Info:    [MSI B450 GAMING PRO CARBON AC (MS-7B85)] Registering RGB controller
2738  |Info:    ------------------------------------------------------
2738  |Info:    |            Detecting libusb HID devices            |
2738  |Info:    ------------------------------------------------------
2836  |Info:    ------------------------------------------------------
2836  |Info:    |              Detecting other devices               |
2836  |Info:    ------------------------------------------------------
2845  |Info:    ------------------------------------------------------
2845  |Info:    |                Detection completed                 |
2845  |Info:    ------------------------------------------------------
